[19:06:21] [ServerMain/INFO]: Environment: Environment[sessionHost=https://sessionserver.mojang.com, servicesHost=https://api.minecraftservices.com, name=PROD]
[19:06:24] [ServerMain/INFO]: Loaded 1373 recipes
[19:06:24] [Server thread/INFO]: Starting minecraft server version 1.21.5
[19:06:24] [Server thread/INFO]: Loading properties
[19:06:24] [Server thread/INFO]: This server is running CraftBukkit version 4504-Spigot-270012a-dacd062 (MC: 1.21.5) (Implementing API version 1.21.5-R0.1-SNAPSHOT)
[19:06:25] [Server thread/INFO]: *** This version of Spigot contains changes to some enums. If you notice that plugins no longer work after updating, please report this to the developers of those plugins first. ***
[19:06:25] [Server thread/INFO]: *** If you cannot update those plugins, you can try setting `settings.compatibility.enum-compatibility-mode` to `true` in `bukkit.yml`. ***
[19:06:25] [Server thread/INFO]: Server Ping Player Sample Count: 12
[19:06:25] [Server thread/INFO]: Using 4 threads for Netty based IO
[19:06:25] [Server thread/INFO]: Debug logging is disabled
[19:06:25] [Server thread/INFO]: Default game type: SURVIVAL
[19:06:25] [Server thread/INFO]: Generating keypair
[19:06:25] [Server thread/INFO]: Starting Minecraft server on *:25565
[19:06:25] [Server thread/INFO]: Using epoll channel type
[19:06:25] [Server thread/INFO]: [BetterSleeping4] Loading BetterSleeping4 v4.0.2
[19:06:25] [Server thread/INFO]: [SkinsRestorer] Loading SkinsRestorer v15.7.3
[19:06:25] [Server thread/INFO]: [TAB] Loading TAB v5.2.3
[19:06:25] [Server thread/INFO]: [Chunky] Loading Chunky v1.4.40
[19:06:25] [Server thread/INFO]: [SkinsRestorer] Enabling SkinsRestorer v15.7.3
[19:06:26] [Server thread/INFO]: [33;1m[[32;22mSkinsRestorer[33;1m] [0;39m[32;1mRunning on Minecraft [33;1m1.21.5[32;1m.[0;39m[m
[19:06:27] [Server thread/WARN]: **** SERVER IS RUNNING IN OFFLINE/INSECURE MODE!
[19:06:27] [Server thread/WARN]: The server will make no attempt to authenticate usernames. Beware.
[19:06:27] [Server thread/WARN]: While this makes the game possible to play without internet access, it also opens up the ability for hackers to connect with any username they choose.
[19:06:27] [Server thread/WARN]: To change this, set "online-mode" to "true" in the server.properties file.
[19:06:27] [Server thread/INFO]: Preparing level "world"
[19:06:27] [Server thread/INFO]: -------- World Settings For [world] --------
[19:06:27] [Server thread/INFO]: Experience Merge Radius: 3.0
[19:06:27] [Server thread/INFO]: Mob Spawn Range: 6
[19:06:27] [Server thread/INFO]: Custom Map Seeds:  Village: 10387312 Desert: 14357617 Igloo: 14357618 Jungle: 14357619 Swamp: 14357620 Monument: 10387313 Ocean: 14357621 Shipwreck: 165745295 End City: 10387313 Slime: 987234911 Nether: 30084232 Mansion: 10387319 Fossil: 14357921 Portal: 34222645
[19:06:27] [Server thread/INFO]: Max TNT Explosions: 100
[19:06:27] [Server thread/INFO]: Tile Max Tick Time: 50ms Entity max Tick Time: 50ms
[19:06:27] [Server thread/INFO]: Cactus Growth Modifier: 100%
[19:06:27] [Server thread/INFO]: Cane Growth Modifier: 100%
[19:06:27] [Server thread/INFO]: Melon Growth Modifier: 100%
[19:06:27] [Server thread/INFO]: Mushroom Growth Modifier: 100%
[19:06:27] [Server thread/INFO]: Pumpkin Growth Modifier: 100%
[19:06:27] [Server thread/INFO]: Sapling Growth Modifier: 100%
[19:06:27] [Server thread/INFO]: Beetroot Growth Modifier: 100%
[19:06:27] [Server thread/INFO]: Carrot Growth Modifier: 100%
[19:06:27] [Server thread/INFO]: Potato Growth Modifier: 100%
[19:06:27] [Server thread/INFO]: Wheat Growth Modifier: 100%
[19:06:27] [Server thread/INFO]: NetherWart Growth Modifier: 100%
[19:06:27] [Server thread/INFO]: Vine Growth Modifier: 100%
[19:06:27] [Server thread/INFO]: Cocoa Growth Modifier: 100%
[19:06:27] [Server thread/INFO]: Bamboo Growth Modifier: 100%
[19:06:27] [Server thread/INFO]: SweetBerry Growth Modifier: 100%
[19:06:27] [Server thread/INFO]: Kelp Growth Modifier: 100%
[19:06:27] [Server thread/INFO]: TwistingVines Growth Modifier: 100%
[19:06:27] [Server thread/INFO]: WeepingVines Growth Modifier: 100%
[19:06:27] [Server thread/INFO]: CaveVines Growth Modifier: 100%
[19:06:27] [Server thread/INFO]: Entity Activation Range: An 32 / Mo 32 / Ra 48 / Mi 16 / Tiv true / Isa false
[19:06:27] [Server thread/INFO]: Entity Tracking Range: Pl 48 / An 48 / Mo 48 / Mi 32 / Di 128 / Other 64
[19:06:27] [Server thread/INFO]: Hopper Transfer: 8 Hopper Check: 1 Hopper Amount: 1 Hopper Can Load Chunks: false
[19:06:27] [Server thread/INFO]: Zombie Aggressive Towards Villager: true
[19:06:27] [Server thread/INFO]: View Distance: 12
[19:06:27] [Server thread/INFO]: Simulation Distance: 10
[19:06:27] [Server thread/INFO]: Item Despawn Rate: 6000
[19:06:27] [Server thread/INFO]: Item Merge Radius: 2.5
[19:06:27] [Server thread/INFO]: Allow Zombie Pigmen to spawn from portal blocks: true
[19:06:27] [Server thread/INFO]: Arrow Despawn Rate: 1200 Trident Respawn Rate:1200
[19:06:27] [Server thread/INFO]: Nerfing mobs spawned from spawners: false
[19:06:27] [Server thread/INFO]: -------- World Settings For [world_nether] --------
[19:06:27] [Server thread/INFO]: Experience Merge Radius: 3.0
[19:06:27] [Server thread/INFO]: Mob Spawn Range: 6
[19:06:27] [Server thread/INFO]: Custom Map Seeds:  Village: 10387312 Desert: 14357617 Igloo: 14357618 Jungle: 14357619 Swamp: 14357620 Monument: 10387313 Ocean: 14357621 Shipwreck: 165745295 End City: 10387313 Slime: 987234911 Nether: 30084232 Mansion: 10387319 Fossil: 14357921 Portal: 34222645
[19:06:27] [Server thread/INFO]: Max TNT Explosions: 100
[19:06:27] [Server thread/INFO]: Tile Max Tick Time: 50ms Entity max Tick Time: 50ms
[19:06:27] [Server thread/INFO]: Cactus Growth Modifier: 100%
[19:06:27] [Server thread/INFO]: Cane Growth Modifier: 100%
[19:06:27] [Server thread/INFO]: Melon Growth Modifier: 100%
[19:06:27] [Server thread/INFO]: Mushroom Growth Modifier: 100%
[19:06:27] [Server thread/INFO]: Pumpkin Growth Modifier: 100%
[19:06:27] [Server thread/INFO]: Sapling Growth Modifier: 100%
[19:06:27] [Server thread/INFO]: Beetroot Growth Modifier: 100%
[19:06:27] [Server thread/INFO]: Carrot Growth Modifier: 100%
[19:06:27] [Server thread/INFO]: Potato Growth Modifier: 100%
[19:06:27] [Server thread/INFO]: Wheat Growth Modifier: 100%
[19:06:27] [Server thread/INFO]: NetherWart Growth Modifier: 100%
[19:06:27] [Server thread/INFO]: Vine Growth Modifier: 100%
[19:06:27] [Server thread/INFO]: Cocoa Growth Modifier: 100%
[19:06:27] [Server thread/INFO]: Bamboo Growth Modifier: 100%
[19:06:27] [Server thread/INFO]: SweetBerry Growth Modifier: 100%
[19:06:27] [Server thread/INFO]: Kelp Growth Modifier: 100%
[19:06:27] [Server thread/INFO]: TwistingVines Growth Modifier: 100%
[19:06:27] [Server thread/INFO]: WeepingVines Growth Modifier: 100%
[19:06:27] [Server thread/INFO]: CaveVines Growth Modifier: 100%
[19:06:27] [Server thread/INFO]: Entity Activation Range: An 32 / Mo 32 / Ra 48 / Mi 16 / Tiv true / Isa false
[19:06:27] [Server thread/INFO]: Entity Tracking Range: Pl 48 / An 48 / Mo 48 / Mi 32 / Di 128 / Other 64
[19:06:27] [Server thread/INFO]: Hopper Transfer: 8 Hopper Check: 1 Hopper Amount: 1 Hopper Can Load Chunks: false
[19:06:27] [Server thread/INFO]: Zombie Aggressive Towards Villager: true
[19:06:27] [Server thread/INFO]: View Distance: 12
[19:06:27] [Server thread/INFO]: Simulation Distance: 10
[19:06:27] [Server thread/INFO]: Item Despawn Rate: 6000
[19:06:27] [Server thread/INFO]: Item Merge Radius: 2.5
[19:06:27] [Server thread/INFO]: Allow Zombie Pigmen to spawn from portal blocks: true
[19:06:27] [Server thread/INFO]: Arrow Despawn Rate: 1200 Trident Respawn Rate:1200
[19:06:27] [Server thread/INFO]: Nerfing mobs spawned from spawners: false
[19:06:28] [Server thread/INFO]: -------- World Settings For [world_the_end] --------
[19:06:28] [Server thread/INFO]: Experience Merge Radius: 3.0
[19:06:28] [Server thread/INFO]: Mob Spawn Range: 6
[19:06:28] [Server thread/INFO]: Custom Map Seeds:  Village: 10387312 Desert: 14357617 Igloo: 14357618 Jungle: 14357619 Swamp: 14357620 Monument: 10387313 Ocean: 14357621 Shipwreck: 165745295 End City: 10387313 Slime: 987234911 Nether: 30084232 Mansion: 10387319 Fossil: 14357921 Portal: 34222645
[19:06:28] [Server thread/INFO]: Max TNT Explosions: 100
[19:06:28] [Server thread/INFO]: Tile Max Tick Time: 50ms Entity max Tick Time: 50ms
[19:06:28] [Server thread/INFO]: Cactus Growth Modifier: 100%
[19:06:28] [Server thread/INFO]: Cane Growth Modifier: 100%
[19:06:28] [Server thread/INFO]: Melon Growth Modifier: 100%
[19:06:28] [Server thread/INFO]: Mushroom Growth Modifier: 100%
[19:06:28] [Server thread/INFO]: Pumpkin Growth Modifier: 100%
[19:06:28] [Server thread/INFO]: Sapling Growth Modifier: 100%
[19:06:28] [Server thread/INFO]: Beetroot Growth Modifier: 100%
[19:06:28] [Server thread/INFO]: Carrot Growth Modifier: 100%
[19:06:28] [Server thread/INFO]: Potato Growth Modifier: 100%
[19:06:28] [Server thread/INFO]: Wheat Growth Modifier: 100%
[19:06:28] [Server thread/INFO]: NetherWart Growth Modifier: 100%
[19:06:28] [Server thread/INFO]: Vine Growth Modifier: 100%
[19:06:28] [Server thread/INFO]: Cocoa Growth Modifier: 100%
[19:06:28] [Server thread/INFO]: Bamboo Growth Modifier: 100%
[19:06:28] [Server thread/INFO]: SweetBerry Growth Modifier: 100%
[19:06:28] [Server thread/INFO]: Kelp Growth Modifier: 100%
[19:06:28] [Server thread/INFO]: TwistingVines Growth Modifier: 100%
[19:06:28] [Server thread/INFO]: WeepingVines Growth Modifier: 100%
[19:06:28] [Server thread/INFO]: CaveVines Growth Modifier: 100%
[19:06:28] [Server thread/INFO]: Entity Activation Range: An 32 / Mo 32 / Ra 48 / Mi 16 / Tiv true / Isa false
[19:06:28] [Server thread/INFO]: Entity Tracking Range: Pl 48 / An 48 / Mo 48 / Mi 32 / Di 128 / Other 64
[19:06:28] [Server thread/INFO]: Hopper Transfer: 8 Hopper Check: 1 Hopper Amount: 1 Hopper Can Load Chunks: false
[19:06:28] [Server thread/INFO]: Zombie Aggressive Towards Villager: true
[19:06:28] [Server thread/INFO]: View Distance: 12
[19:06:28] [Server thread/INFO]: Simulation Distance: 10
[19:06:28] [Server thread/INFO]: Item Despawn Rate: 6000
[19:06:28] [Server thread/INFO]: Item Merge Radius: 2.5
[19:06:28] [Server thread/INFO]: Allow Zombie Pigmen to spawn from portal blocks: true
[19:06:28] [Server thread/INFO]: Arrow Despawn Rate: 1200 Trident Respawn Rate:1200
[19:06:28] [Server thread/INFO]: Nerfing mobs spawned from spawners: false
[19:06:28] [Server thread/INFO]: Preparing start region for dimension minecraft:overworld
[19:06:33] [Worker-Main-1/INFO]: Preparing spawn area: 0%
[19:06:33] [Worker-Main-1/INFO]: Preparing spawn area: 0%
[19:06:33] [Worker-Main-1/INFO]: Preparing spawn area: 0%
[19:06:33] [Worker-Main-1/INFO]: Preparing spawn area: 0%
[19:06:33] [Worker-Main-1/INFO]: Preparing spawn area: 0%
[19:06:33] [Worker-Main-1/INFO]: Preparing spawn area: 0%
[19:06:33] [Worker-Main-1/INFO]: Preparing spawn area: 0%
[19:06:33] [Worker-Main-1/INFO]: Preparing spawn area: 0%
[19:06:33] [Worker-Main-1/INFO]: Preparing spawn area: 0%
[19:06:33] [Worker-Main-1/INFO]: Preparing spawn area: 0%
[19:06:33] [Worker-Main-1/INFO]: Preparing spawn area: 0%
[19:06:33] [Worker-Main-3/INFO]: Preparing spawn area: 18%
[19:06:33] [Server thread/INFO]: Time elapsed: 5737 ms
[19:06:33] [Server thread/INFO]: Preparing start region for dimension minecraft:the_nether
[19:06:34] [Worker-Main-2/INFO]: Preparing spawn area: 0%
[19:06:34] [Worker-Main-2/INFO]: Preparing spawn area: 0%
[19:06:34] [Worker-Main-1/INFO]: Preparing spawn area: 34%
[19:06:35] [Server thread/INFO]: Time elapsed: 1259 ms
[19:06:35] [Server thread/INFO]: Preparing start region for dimension minecraft:the_end
[19:06:35] [Worker-Main-1/INFO]: Preparing spawn area: 0%
[19:06:35] [Worker-Main-1/INFO]: Preparing spawn area: 0%
[19:06:35] [Server thread/INFO]: Time elapsed: 814 ms
[19:06:35] [Server thread/INFO]: [BetterSleeping4] Enabling BetterSleeping4 v4.0.2
[19:06:36] [Server thread/INFO]: [TAB] Enabling TAB v5.2.3
[19:06:37] [Server thread/INFO]: [TAB] [38;2;85;255;85mEnabled in 206ms[m
[19:06:37] [Server thread/INFO]: [Chunky] Enabling Chunky v1.4.40
[19:06:37] [Server thread/INFO]: Server permissions file permissions.yml is empty, ignoring it
[19:06:37] [Server thread/INFO]: Done (9.654s)! For help, type "help"
[19:06:37] [Craft Scheduler Thread - 1/INFO]: [33;1m[[32;22mSkinsRestorer[33;1m] [0;39m[32;1m----------------------------------------------[0;39m[m
[19:06:37] [Craft Scheduler Thread - 1/INFO]: [33;1m[[32;22mSkinsRestorer[33;1m] [0;39m[32;1m    +==================+[0;39m[m
[19:06:37] [Craft Scheduler Thread - 1/INFO]: [33;1m[[32;22mSkinsRestorer[33;1m] [0;39m[32;1m    |   SkinsRestorer  |[0;39m[m
[19:06:37] [Craft Scheduler Thread - 1/INFO]: [33;1m[[32;22mSkinsRestorer[33;1m] [0;39m[32;1m    |------------------|[0;39m[m
[19:06:37] [Craft Scheduler Thread - 1/INFO]: [33;1m[[32;22mSkinsRestorer[33;1m] [0;39m[32;1m    |  [34;1m[4m[21mStandalone Mode[0;39m[32;1m |[0;39m[m
[19:06:37] [Craft Scheduler Thread - 1/INFO]: [33;1m[[32;22mSkinsRestorer[33;1m] [0;39m[32;1m    +==================+[0;39m[m
[19:06:37] [Craft Scheduler Thread - 1/INFO]: [33;1m[[32;22mSkinsRestorer[33;1m] [0;39m[32;1m----------------------------------------------[0;39m[m
[19:06:37] [Craft Scheduler Thread - 1/INFO]: [33;1m[[32;22mSkinsRestorer[33;1m] [0;39m[36;1m    Version: [31;1m15.7.3[0;39m[m
[19:06:37] [Craft Scheduler Thread - 1/INFO]: [33;1m[[32;22mSkinsRestorer[33;1m] [0;39m[36;1m    Commit: [31;1m32c7547[0;39m[m
[19:06:37] [Craft Scheduler Thread - 1/INFO]: [33;1m[[32;22mSkinsRestorer[33;1m] [0;39m[36;1m    A new version ([32;1m15.7.4[36;1m) is available! Downloading update...[0;39m[m
[19:06:37] [Craft Scheduler Thread - 1/INFO]: [33;1m[[32;22mSkinsRestorer[33;1m] [0;39m[32;1m----------------------------------------------[0;39m[m
[19:06:37] [Craft Scheduler Thread - 1/INFO]: [33;1m[[32;22mSkinsRestorer[33;1m] [0;39m[34;1mDo you have issues? Read our troubleshooting guide: [33;1mhttps://skinsrestorer.net/docs/troubleshooting[0;39m[m
[19:06:37] [Craft Scheduler Thread - 1/INFO]: [33;1m[[32;22mSkinsRestorer[33;1m] [0;39m[34;1mWant to support SkinsRestorer? Consider donating: [33;1mhttps://skinsrestorer.net/donate[0;39m[m
[19:06:37] [Craft Scheduler Thread - 1/INFO]: [33;1m[[32;22mSkinsRestorer[33;1m] [0;39m[GitHubUpdate] Downloading update...[0;39m[m
[19:06:37] [Craft Scheduler Thread - 1/INFO]: [33;1m[[32;22mSkinsRestorer[33;1m] [0;39m[GitHubUpdate] Downloaded update in 567ms[0;39m[m
[19:06:37] [Craft Scheduler Thread - 1/INFO]: [33;1m[[32;22mSkinsRestorer[33;1m] [0;39m[GitHubUpdate] Update saved as SkinsRestorer.jar[0;39m[m
[19:06:37] [Craft Scheduler Thread - 1/INFO]: [33;1m[[32;22mSkinsRestorer[33;1m] [0;39m[GitHubUpdate] The update will be loaded on the next server restart[0;39m[m
[19:07:11] [User Authenticator #1/INFO]: UUID of player Null_Gos is 4d4f77fb-1163-3fae-9f91-56337aab63ef
[19:07:13] [Server thread/INFO]: Null_Gos joined the game
[19:07:13] [Server thread/INFO]: Null_Gos[/127.2.91.159:35571] logged in with entity id 47 at ([world]253.5, 68.5625, -361.5)
[19:08:44] [Server thread/INFO]: Null_Gos lost connection: Disconnected
[19:08:44] [Server thread/INFO]: Null_Gos left the game
[19:12:40] [Thread-1/INFO]: Stopping server
